<?xml version="1.0" encoding="UTF-8"?>
<testng-results skipped="0" failed="0" ignored="0" total="2" passed="2">
  <reporter-output>
  </reporter-output>
  <suite name="Default suite" duration-ms="20725" started-at="2019-09-13T22:40:58 EDT" finished-at="2019-09-13T22:41:19 EDT">
    <groups>
    </groups>
    <test name="Default test" duration-ms="20725" started-at="2019-09-13T22:40:58 EDT" finished-at="2019-09-13T22:41:19 EDT">
      <class name="com.TestScenarios.FB_Login">
        <test-method status="PASS" signature="beforeClass()[pri:0, instance:com.TestScenarios.FB_Login@43814d18]" name="beforeClass" is-config="true" duration-ms="10750" started-at="2019-09-13T22:40:58 EDT" finished-at="2019-09-13T22:41:09 EDT">
          <reporter-output>
          </reporter-output>
        </test-method> <!-- beforeClass -->
        <test-method status="PASS" signature="login()[pri:0, instance:com.TestScenarios.FB_Login@43814d18]" name="login" duration-ms="1155" started-at="2019-09-13T22:41:09 EDT" finished-at="2019-09-13T22:41:10 EDT">
          <reporter-output>
          </reporter-output>
        </test-method> <!-- login -->
        <test-method status="PASS" signature="afterMethod(org.testng.ITestResult)[pri:0, instance:com.TestScenarios.FB_Login@43814d18]" name="afterMethod" is-config="true" duration-ms="3913" started-at="2019-09-13T22:41:10 EDT" finished-at="2019-09-13T22:41:14 EDT">
          <params>
            <param index="0">
              <value>
                <![CDATA[[TestResult name=login status=SUCCESS method=FB_Login.login()[pri:0, instance:com.TestScenarios.FB_Login@43814d18] output={null}]]]>
              </value>
            </param>
          </params>
          <reporter-output>
          </reporter-output>
        </test-method> <!-- afterMethod -->
        <test-method status="PASS" signature="test()[pri:0, instance:com.TestScenarios.FB_Login@43814d18]" name="test" duration-ms="4" started-at="2019-09-13T22:41:14 EDT" finished-at="2019-09-13T22:41:14 EDT">
          <reporter-output>
          </reporter-output>
        </test-method> <!-- test -->
        <test-method status="PASS" signature="afterMethod(org.testng.ITestResult)[pri:0, instance:com.TestScenarios.FB_Login@43814d18]" name="afterMethod" is-config="true" duration-ms="3749" started-at="2019-09-13T22:41:14 EDT" finished-at="2019-09-13T22:41:18 EDT">
          <params>
            <param index="0">
              <value>
                <![CDATA[[TestResult name=test status=SUCCESS method=FB_Login.test()[pri:0, instance:com.TestScenarios.FB_Login@43814d18] output={null}]]]>
              </value>
            </param>
          </params>
          <reporter-output>
          </reporter-output>
        </test-method> <!-- afterMethod -->
        <test-method status="PASS" signature="afterClass()[pri:0, instance:com.TestScenarios.FB_Login@43814d18]" name="afterClass" is-config="true" duration-ms="1001" started-at="2019-09-13T22:41:18 EDT" finished-at="2019-09-13T22:41:19 EDT">
          <reporter-output>
          </reporter-output>
        </test-method> <!-- afterClass -->
      </class> <!-- com.TestScenarios.FB_Login -->
    </test> <!-- Default test -->
  </suite> <!-- Default suite -->
</testng-results>
