<?xml version="1.0" encoding="UTF-8"?>
<!-- Generated by org.testng.reporters.JUnitXMLReporter -->
<testsuite hostname="LAPTOP-CL6L7SG3" ignored="1" name="Build1.2_TestResults" tests="9" failures="0" timestamp="2019-09-10T21:20:30 EDT" time="27.556" errors="0">
  <testcase name="f" time="14.103" classname="com.TestNG.FB_login"/>
  <testcase name="a" time="0.004" classname="com.TestNG.TestNgAnnotations"/>
  <testcase name="f" time="0.005" classname="com.TestNG.TestNgAnnotations"/>
  <testcase name="r" time="0.002" classname="com.TestNG.TestNgAnnotations"/>
  <testcase name="a" time="0.002" classname="com.TestNG.Sample3"/>
  <testcase name="r" time="0.002" classname="com.TestNG.Sample3"/>
  <testcase name="a" time="0.001" classname="com.TestNG.Sample2"/>
  <testcase name="b" time="0.002" classname="com.TestNG.Sample2"/>
  <testcase name="f" time="0.002" classname="com.TestNG.Sample1"/>
  <testcase name="f" time="0.0" classname="com.TestNG.Sample3">
    <ignored/>
  </testcase> <!-- f -->
</testsuite> <!-- Build1.2_TestResults -->
